e:\developer\bunnysimulation\bunnysimulation\debug\vc120.pdb
e:\developer\bunnysimulation\bunnysimulation\debug\vc120.idb
e:\developer\bunnysimulation\bunnysimulation\debug\main.obj
e:\developer\bunnysimulation\bunnysimulation\debug\bunnycolony.obj
e:\developer\bunnysimulation\bunnysimulation\debug\bunny.obj
e:\developer\bunnysimulation\bunnysimulation\debug\radioactivebunny.obj
e:\developer\bunnysimulation\bunnysimulation\debug\femalebunny.obj
e:\developer\bunnysimulation\bunnysimulation\debug\malebunny.obj
e:\developer\bunnysimulation\bunnysimulation\debug\bunnysimulation.ilk
e:\developer\bunnysimulation\bunnysimulation\debug\bunnysimulation.exe
e:\developer\bunnysimulation\bunnysimulation\debug\bunnysimulation.pdb
e:\developer\bunnysimulation\bunnysimulation\debug\bunnysimulation.res
e:\developer\bunnysimulation\bunnysimulation\debug\bunnysimulation.tlog\cl.command.1.tlog
e:\developer\bunnysimulation\bunnysimulation\debug\bunnysimulation.tlog\cl.read.1.tlog
e:\developer\bunnysimulation\bunnysimulation\debug\bunnysimulation.tlog\cl.write.1.tlog
e:\developer\bunnysimulation\bunnysimulation\debug\bunnysimulation.tlog\link.5796-cvtres.read.1.tlog
e:\developer\bunnysimulation\bunnysimulation\debug\bunnysimulation.tlog\link.5796-cvtres.write.1.tlog
e:\developer\bunnysimulation\bunnysimulation\debug\bunnysimulation.tlog\link.5796-rc.read.1.tlog
e:\developer\bunnysimulation\bunnysimulation\debug\bunnysimulation.tlog\link.5796-rc.write.1.tlog
e:\developer\bunnysimulation\bunnysimulation\debug\bunnysimulation.tlog\link.5796.read.1.tlog
e:\developer\bunnysimulation\bunnysimulation\debug\bunnysimulation.tlog\link.5796.write.1.tlog
e:\developer\bunnysimulation\bunnysimulation\debug\bunnysimulation.tlog\link.command.1.tlog
e:\developer\bunnysimulation\bunnysimulation\debug\bunnysimulation.tlog\link.read.1.tlog
e:\developer\bunnysimulation\bunnysimulation\debug\bunnysimulation.tlog\link.write.1.tlog
e:\developer\bunnysimulation\bunnysimulation\debug\bunnysimulation.tlog\rc.command.1.tlog
e:\developer\bunnysimulation\bunnysimulation\debug\bunnysimulation.tlog\rc.read.1.tlog
e:\developer\bunnysimulation\bunnysimulation\debug\bunnysimulation.tlog\rc.write.1.tlog
